GROUP,PACKAGE,CLASS,INSTRUCTION_MISSED,INSTRUCTION_COVERED,BRANCH_MISSED,BRANCH_COVERED,LINE_MISSED,LINE_COVERED,COMPLEXITY_MISSED,COMPLEXITY_COVERED,METHOD_MISSED,METHOD_COVERED
Persistence_g1_10,edu.uga.miage.m1.polygons.gui,JDrawingFrame,293,0,10,0,69,0,17,0,11,0
Persistence_g1_10,edu.uga.miage.m1.polygons.gui,GUIHelper.new WindowAdapter() {...},6,0,0,0,3,0,2,0,2,0
Persistence_g1_10,edu.uga.miage.m1.polygons.gui,JDrawingFrame.Exports,15,0,0,0,2,0,1,0,1,0
Persistence_g1_10,edu.uga.miage.m1.polygons.gui,App,6,0,0,0,3,0,2,0,2,0
Persistence_g1_10,edu.uga.miage.m1.polygons.gui,JDrawingFrame.Shapes,21,0,0,0,2,0,1,0,1,0
Persistence_g1_10,edu.uga.miage.m1.polygons.gui,JDrawingFrame.ShapeActionListener,47,0,4,0,12,0,4,0,2,0
Persistence_g1_10,edu.uga.miage.m1.polygons.gui,GUIHelper,21,0,0,0,7,0,2,0,2,0
Persistence_g1_10,edu.uga.miage.m1.polygons.gui,JDrawingFrame.ExportActionListener,58,0,10,0,12,0,7,0,2,0
Persistence_g1_10,edu.uga.miage.m1.polygons.gui.persistence,JSonVisitor,0,46,0,0,0,5,0,5,0,5
Persistence_g1_10,edu.uga.miage.m1.polygons.gui.persistence,XMLVisitor,0,46,0,0,0,5,0,5,0,5
Persistence_g1_10,edu.uga.miage.m1.polygons.gui.shapes,Triangle,126,23,2,0,16,7,2,4,1,4
Persistence_g1_10,edu.uga.miage.m1.polygons.gui.shapes,JsonShapes,25,0,0,0,7,0,2,0,2,0
Persistence_g1_10,edu.uga.miage.m1.polygons.gui.shapes,Square,65,23,0,0,9,7,1,4,1,4
Persistence_g1_10,edu.uga.miage.m1.polygons.gui.shapes,Export,21,0,0,0,7,0,3,0,3,0
Persistence_g1_10,edu.uga.miage.m1.polygons.gui.shapes,Circle,65,23,0,0,9,7,1,4,1,4
