<?xml version="1.0" encoding="UTF-8"?>
<testsuite xmlns:xsi="http://www.w3.org/2001/XMLSchema-instance" xsi:noNamespaceSchemaLocation="https://maven.apache.org/surefire/maven-surefire-plugin/xsd/surefire-test-report-3.0.xsd" version="3.0" name="ExporterTest" time="0.538" tests="8" errors="0" skipped="0" failures="0">
  <properties>
[...]
</properties>
  <testcase name="testGetXmlShapesAsString" classname="ExporterTest" time="0.46"/>
  <testcase name="testGetEmptyXmlShapesAsString" classname="ExporterTest" time="0.004"/>
  <testcase name="testGetEmptyJsonShapesAsString" classname="ExporterTest" time="0.008"/>
  <testcase name="testWriteJsonShapes" classname="ExporterTest" time="0.022"/>
  <testcase name="testWriteXmlShapes" classname="ExporterTest" time="0.029"/>
  <testcase name="testGetJsonShapesAsString" classname="ExporterTest" time="0.003"/>
  <testcase name="testWriteEmptyJsonShapes" classname="ExporterTest" time="0.003"/>
  <testcase name="testWriteEmptyXmlShapes" classname="ExporterTest" time="0.005"/>
</testsuite>